[debug] [2022-10-30T17:29:37.608Z] ----------------------------------------------------------------------
[debug] [2022-10-30T17:29:37.617Z] Command:       C:\Program Files\nodejs\node.exe C:\Users\Mubasher\AppData\Roaming\npm\node_modules\firebase-tools\lib\bin\firebase.js init
[debug] [2022-10-30T17:29:37.620Z] CLI Version:   11.14.1
[debug] [2022-10-30T17:29:37.620Z] Platform:      win32
[debug] [2022-10-30T17:29:37.621Z] Node Version:  v16.17.1
[debug] [2022-10-30T17:29:37.629Z] Time:          Sun Oct 30 2022 22:29:37 GMT+0500 (Pakistan Standard Time)
[debug] [2022-10-30T17:29:37.630Z] ----------------------------------------------------------------------
[debug] 
[debug] [2022-10-30T17:29:37.644Z] >>> [apiv2][query] GET https://firebase-public.firebaseio.com/cli.json [none]
[debug] [2022-10-30T17:29:37.743Z] > command requires scopes: ["email","openid","https://www.googleapis.com/auth/cloudplatformprojects.readonly","https://www.googleapis.com/auth/firebase","https://www.googleapis.com/auth/cloud-platform"]
[debug] [2022-10-30T17:29:37.745Z] > authorizing via signed-in user (mubasherali0321@gmail.com)
[info] 
     ######## #### ########  ######## ########     ###     ######  ########
     ##        ##  ##     ## ##       ##     ##  ##   ##  ##       ##
     ######    ##  ########  ######   ########  #########  ######  ######
     ##        ##  ##    ##  ##       ##     ## ##     ##       ## ##
     ##       #### ##     ## ######## ########  ##     ##  ######  ########

You're about to initialize a Firebase project in this directory:

  C:\Users\Mubasher\Downloads\dice-game-main

[debug] [2022-10-30T17:29:38.829Z] <<< [apiv2][status] GET https://firebase-public.firebaseio.com/cli.json 200
[debug] [2022-10-30T17:29:38.829Z] <<< [apiv2][body] GET https://firebase-public.firebaseio.com/cli.json {"cloudBuildErrorAfter":1594252800000,"cloudBuildWarnAfter":1590019200000,"defaultNode10After":1594252800000,"minVersion":"3.0.5","node8DeploysDisabledAfter":1613390400000,"node8RuntimeDisabledAfter":1615809600000,"node8WarnAfter":1600128000000}
[info] 
=== Project Setup
[info] 
[info] First, let's associate this project directory with a Firebase project.
[info] You can create multiple project aliases by running firebase use --add, 
[info] but for now we'll just set up a default project.
[info] 
[debug] [2022-10-30T17:30:35.298Z] > refreshing access token with scopes: []
[debug] [2022-10-30T17:30:35.300Z] >>> [apiv2][query] POST https://www.googleapis.com/oauth2/v3/token [none]
[debug] [2022-10-30T17:30:35.300Z] >>> [apiv2][body] POST https://www.googleapis.com/oauth2/v3/token [omitted]
[debug] [2022-10-30T17:30:36.768Z] <<< [apiv2][status] POST https://www.googleapis.com/oauth2/v3/token 200
[debug] [2022-10-30T17:30:36.768Z] <<< [apiv2][body] POST https://www.googleapis.com/oauth2/v3/token [omitted]
[debug] [2022-10-30T17:30:36.803Z] >>> [apiv2][query] GET https://firebase.googleapis.com/v1beta1/projects pageSize=100
[debug] [2022-10-30T17:30:37.702Z] <<< [apiv2][status] GET https://firebase.googleapis.com/v1beta1/projects 200
[debug] [2022-10-30T17:30:37.702Z] <<< [apiv2][body] GET https://firebase.googleapis.com/v1beta1/projects [omitted]
[info] i  Using project dice-game-521db (Dice-Game) 
[info] 
=== Hosting Setup
[info] 
[info] Your public directory is the folder (relative to your project directory) that
[info] will contain Hosting assets to be uploaded with firebase deploy. If you
[info] have a build process for your assets, use your build's output directory.
[info] 
[debug] [2022-10-30T17:30:47.772Z] >>> [apiv2][query] GET https://www.gstatic.com/firebasejs/releases.json [none]
[debug] [2022-10-30T17:30:48.219Z] <<< [apiv2][status] GET https://www.gstatic.com/firebasejs/releases.json 200
[debug] [2022-10-30T17:30:48.220Z] <<< [apiv2][body] GET https://www.gstatic.com/firebasejs/releases.json {"current":{"version":"9.13.0","browserURL":"https://www.gstatic.com/firebasejs/9.13.0/firebase.js","packageURL":"https://www.gstatic.com/firebasejs/9.13.0/firebase.tgz"},"live":{"version":"9.13","browserURL":"https://www.gstatic.com/firebasejs/live/9.13/firebase.js","packageURL":"https://www.gstatic.com/firebasejs/live/9.13/firebase.tgz"},"components":{"analytics":"https://www.gstatic.com/firebasejs/9.13.0/firebase-analytics.js","app":"https://www.gstatic.com/firebasejs/9.13.0/firebase-app.js","app-check":"https://www.gstatic.com/firebasejs/9.13.0/firebase-app-check.js","auth":"https://www.gstatic.com/firebasejs/9.13.0/firebase-auth.js","auth/cordova":"https://www.gstatic.com/firebasejs/9.13.0/firebase-auth/cordova.js","auth/react-native":"https://www.gstatic.com/firebasejs/9.13.0/firebase-auth/react-native.js","functions":"https://www.gstatic.com/firebasejs/9.13.0/firebase-functions.js","firestore":"https://www.gstatic.com/firebasejs/9.13.0/firebase-firestore.js","firestore/lite":"https://www.gstatic.com/firebasejs/9.13.0/firebase-firestore/lite.js","installations":"https://www.gstatic.com/firebasejs/9.13.0/firebase-installations.js","storage":"https://www.gstatic.com/firebasejs/9.13.0/firebase-storage.js","performance":"https://www.gstatic.com/firebasejs/9.13.0/firebase-performance.js","remote-config":"https://www.gstatic.com/firebasejs/9.13.0/firebase-remote-config.js","messaging":"https://www.gstatic.com/firebasejs/9.13.0/firebase-messaging.js","messaging/sw":"https://www.gstatic.com/firebasejs/9.13.0/firebase-messaging/sw.js","database":"https://www.gstatic.com/firebasejs/9.13.0/firebase-database.js","firestore.memory":"https://www.gstatic.com/firebasejs/9.13.0/firebase-firestore.memory.js"}}
[info] +  Wrote public/index.html 
[info] 
[info] i  Didn't detect a .git folder. Assuming C:\Users\Mubasher\Downloads\dice-game-main is the project root. 
[info] i  Authorizing with GitHub to upload your service account to a GitHub repository's secrets store. 
[info] 
[info] Visit this URL on this device to log in:
[info] https://github.com/login/oauth/authorize?client_id=89cf50f02ac6aaed3484&state=295490191&redirect_uri=http%3A%2F%2Flocalhost%3A9005&scope=read%3Auser%20repo%20public_repo
[info] 
[info] Waiting for authentication...
[debug] [2022-10-30T17:30:50.950Z] >>> [apiv2][query] POST https://github.com/login/oauth/access_token [none]
[debug] [2022-10-30T17:30:50.950Z] >>> [apiv2][body] POST https://github.com/login/oauth/access_token [stream]
[debug] [2022-10-30T17:30:51.931Z] <<< [apiv2][status] POST https://github.com/login/oauth/access_token 200
[debug] [2022-10-30T17:30:51.932Z] <<< [apiv2][body] POST https://github.com/login/oauth/access_token {"access_token":"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","token_type":"bearer","scope":"read:user,repo"}
[debug] [2022-10-30T17:30:51.953Z] >>> [apiv2][query] GET https://api.github.com/user [none]
[debug] [2022-10-30T17:30:53.021Z] <<< [apiv2][status] GET https://api.github.com/user 200
[debug] [2022-10-30T17:30:53.021Z] <<< [apiv2][body] GET https://api.github.com/user {"login":"web-developer032","id":40429729,"node_id":"MDQ6VXNlcjQwNDI5NzI5","avatar_url":"https://avatars.githubusercontent.com/u/40429729?v=4","gravatar_id":"","url":"https://api.github.com/users/web-developer032","html_url":"https://github.com/web-developer032","followers_url":"https://api.github.com/users/web-developer032/followers","following_url":"https://api.github.com/users/web-developer032/following{/other_user}","gists_url":"https://api.github.com/users/web-developer032/gists{/gist_id}","starred_url":"https://api.github.com/users/web-developer032/starred{/owner}{/repo}","subscriptions_url":"https://api.github.com/users/web-developer032/subscriptions","organizations_url":"https://api.github.com/users/web-developer032/orgs","repos_url":"https://api.github.com/users/web-developer032/repos","events_url":"https://api.github.com/users/web-developer032/events{/privacy}","received_events_url":"https://api.github.com/users/web-developer032/received_events","type":"User","site_admin":false,"name":"Mubasher Mukhtar","company":null,"blog":"","location":"Pakistan, Haroonabad","email":"mubasherali0331@gmail.com","hireable":true,"bio":"Hi, there My name is Mubasher. I have done bachelor's in Computer Science. I am a  Full Stack Web Developer.","twitter_username":null,"public_repos":20,"public_gists":0,"followers":0,"following":1,"created_at":"2018-06-20T12:15:12Z","updated_at":"2022-10-20T09:59:27Z","private_gists":0,"total_private_repos":0,"owned_private_repos":0,"disk_usage":45269,"collaborators":0,"two_factor_authentication":false,"plan":{"name":"free","space":976562499,"collaborators":0,"private_repos":10000}}
[info] 
[info] +  Success! Logged into GitHub as web-developer032 
[info] 
